160
2 441 423
2 420 369
2 286 333
2 252 197
2 190 196
2 97 93
2 28 35
2 482 326
2 165 300
2 33 47
4 421 330 12 454
3 322 306 315
2 299 279
2 21 256
2 14 1
4 352 492 414 358
2 212 334
2 189 154
2 17 86
4 462 7 484 495
2 443 410
4 319 266 337 301
3 170 213 182
3 141 158 156
4 73 72 64 120
4 486 11 463 475
3 448 452 451
4 350 371 376 434
4 298 264 310 329
4 261 221 210 234
2 166 155
4 111 52 113 108
3 38 48 0
3 499 473 498
4 445 433 439 455
4 405 409 430 419
4 385 367 396 387
3 356 324 360
4 311 320 288 292
4 277 273 271 258
3 236 249 240
4 199 231 208 219
4 193 175 187 181
3 61 147 60
3 34 19 20
4 474 5 15 497
4 449 467 472 459
2 447 444
3 437 442 438
4 431 424 429 427
4 407 403 422 412
4 397 400 394 399
4 392 391 388 384
4 362 353 375 364
4 351 336 348 345
4 302 328 294 283
4 263 268 276 278
4 230 225 242 235
4 218 203 201 214
3 180 188 192
4 159 162 163 177
3 123 139 149
3 105 121 117
4 99 91 89 90
3 55 71 65
4 31 23 24 18
3 8 10 13
4 6 494 3 490
3 468 460 461
4 432 446 453 450
4 425 411 401 395
3 390 378 379
3 372 373 377
2 363 365
4 341 361 347 359
4 307 325 339 332
4 289 295 304 285
3 284 280 282
4 274 269 267 259
4 251 247 254 245
3 244 237 233
4 226 204 207 217
3 195 200 198
3 185 174 186
4 160 153 172 164
4 144 152 151 148
4 138 136 132 129
4 124 119 128 116
4 115 109 112 114
4 107 101 106 104
4 81 100 95 92
4 79 78 80 76
3 66 69 70
4 56 59 54 50
4 45 44 46 41
4 40 36 32 29
4 27 25 22 26
3 16 493 496
3 491 488 489
4 483 485 487 481
4 478 479 477 480
3 476 470 471
4 465 466 464 469
4 457 456 440 458
4 436 428 435 426
3 416 417 418
4 408 406 415 413
3 398 402 404
4 383 393 386 389
3 381 380 382
3 370 374 368
3 357 366 355
2 354 349
3 346 343 344
3 342 338 340
3 331 327 335
3 323 321 318
3 317 316 314
2 313 312
2 309 308
2 303 305
3 296 297 293
3 290 287 291
3 281 272 275
3 262 270 265
3 257 255 260
3 253 248 250
3 241 243 246
3 238 232 239
3 229 227 228
2 224 223
2 220 222
3 216 215 211
3 206 209 205
2 202 194
3 191 184 183
3 178 179 176
3 173 169 171
3 167 161 168
3 146 157 150
3 142 143 145
3 137 140 135
3 134 133 131
3 126 130 127
3 122 125 118
3 102 103 110
3 96 98 94
2 87 88
2 84 85
2 83 82
2 77 75
2 74 68
2 63 67
2 58 62
2 57 53
2 51 49
2 42 43
2 37 39
2 9 30
2 4 2
