1628
4 6404 8148 5357 5121
4 421 2589 6255 5913
4 3629 9906 8785 5583
4 3987 7710 1737 6584
4 2094 4386 7529 5231
4 9487 6735 8197 5796
4 8754 998 1756 2584
4 6312 2395 2861 6655
4 7923 7704 7569 59
4 5515 7444 9612 6632
4 8452 7262 8873 7796
4 5905 398 8407 2489
4 820 6459 604 1729
4 7064 9004 7549 1248
4 5886 8603 4848 8733
4 9529 8189 8437 9354
4 6839 9213 4449 1524
4 4574 5744 4318 9483
4 4233 4100 3904 6823
4 3626 7108 5416 8479
4 1287 9620 6476 2545
4 4004 1396 9383 3697
4 2061 5427 4041 9131
4 847 3015 973 370
4 4644 2155 9247 4863
4 7792 4631 3135 6668
4 9618 2222 7168 1492
4 2843 5570 5363 2752
4 453 2687 8284 44
4 2117 7100 8775 1561
4 461 9765 4036 3505
4 3295 2932 8287 1423
4 8854 1385 6640 8004
4 5616 8591 3715 3273
4 9813 2096 5918 2345
4 674 6639 7936 3420
4 5251 1556 4695 5090
4 2331 2935 666 6762
4 1677 2598 3825 9959
4 1114 6756 1081 4147
4 5001 8384 8689 5592
4 8119 6196 7525 9818
4 1388 6613 864 5989
4 948 683 9888 4106
4 5526 3942 8911 8320
4 9128 5211 5083 4473
4 8585 3149 7369 4194
4 8777 7515 2819 5052
4 936 2459 4670 7819
4 2968 132 3484 7577
4 8240 8814 962 2246
4 7863 2723 7939 876
4 752 8837 7368 9256
4 110 8392 8991 3457
4 7950 7290 7208 3176
4 2196 371 7101 2728
4 8636 9267 684 8641
4 4808 2212 281 5791
4 9614 63 2499 6240
4 3656 7259 4090 5602
4 9019 2475 2064 714
4 5651 4916 9894 1101
4 1491 3678 7834 1013
4 839 3765 5048 7945
4 6170 3024 7198 2548
4 9965 5945 4961 4405
4 1004 1115 1071 7937
4 2124 3302 1233 4685
4 3272 4579 8152 3795
4 7104 9295 5042 9986
4 384 6677 2141 3647
4 7927 2070 1734 2008
4 4702 6782 7135 5101
4 5773 854 6495 8058
4 1707 4430 2115 1214
4 1164 7540 336 7201
4 4957 5046 8639 2080
4 5214 4788 4917 7409
4 443 8063 2922 2558
4 1341 7896 5653 7825
4 6702 7961 3499 7202
4 6381 9307 49 976
4 1146 1830 4886 4964
4 6176 7313 4509 9568
4 82 3463 4983 818
4 8612 3792 6107 5295
4 7757 3047 5772 7595
4 4135 4874 5982 3940
4 3607 3096 2727 5713
4 2274 2228 8338 9305
4 3896 3566 2964 6252
4 636 3228 8608 1353
4 4322 8485 7136 3309
4 887 5310 1210 7305
4 6168 3293 4240 7543
4 1851 7516 9433 8322
4 71 4925 4406 6550
4 9129 6935 1988 8745
4 7551 4940 1203 9866
4 1955 1671 9795 5625
4 7145 1812 4185 9527
4 8116 5383 4141 7
4 3437 4131 7579 5219
4 7326 8465 3114 47
4 594 1322 2456 1450
4 9552 7359 8851 4167
4 4235 3142 4637 2259
4 3042 9 1713 7231
4 5006 1094 766 5652
4 1742 9690 9539 4655
4 1934 2686 7583 3686
4 532 9525 7715 5873
4 5494 2962 4561 4074
4 3844 4657 8803 9263
4 727 3072 2481 8553
4 4847 7083 1050 1895
4 4475 6957 6129 723
4 9917 9235 9532 4112
4 4102 8387 8250 7447
4 3357 2759 7088 4374
4 62 2982 7196 8736
4 2293 3519 2736 8332
4 1946 3196 8375 954
4 7648 7308 7032 213
4 8010 9196 4320 9946
4 9063 5163 859 6547
4 1591 5777 6882 2045
4 4076 2726 1418 1724
4 6611 8193 7725 8767
4 2342 5904 3337 4619
4 9106 6178 2060 3689
4 4402 1568 850 2652
4 9119 992 2340 5172
4 3155 9966 2544 8644
4 4912 4638 4490 4995
4 3672 9747 1433 6558
4 3170 2642 1621 3775
4 2749 3648 2085 586
4 9344 5729 9576 8626
4 120 201 3757 8601
4 7451 6913 7494 7851
4 6534 3781 6038 5686
4 7643 3257 3542 4139
4 6571 2828 8478 8397
4 5931 8138 7148 6567
4 7814 7545 4550 774
4 7464 3889 5156 2628
4 9542 8186 3593 2323
4 403 1763 6134 9302
4 2870 2862 4244 4150
4 6537 676 7862 328
4 4058 3475 3112 3376
4 9151 9713 9275 2795
4 2308 8997 2300 18
4 8865 8187 9559 7079
4 6927 58 6467 4959
4 4390 2814 2213 5081
4 9900 1383 8267 2036
4 8233 5366 8242 7316
4 3840 8115 3869 4044
4 3451 8259 4480 3708
4 7445 7703 8506 9528
4 6147 7166 6171 5609
4 1711 8849 8616 7673
4 778 2123 3842 5845
4 9320 446 9243 9873
4 8079 2305 1160 2267
4 2160 1049 1839 1936
4 3583 8094 5540 11
4 5096 8430 8101 3526
4 4837 2313 3126 2243
4 9605 1136 245 654
4 6359 6123 6050 8167
4 333 2023 9514 1552
4 7267 7944 3913 5359
4 4284 5136 5324 1509
4 3950 8509 9921 2985
4 8286 7726 8036 9374
4 7385 4551 7953 5854
4 687 2944 7008 6777
4 2920 6580 4902 6300
4 9784 2282 373 8367
4 7522 5209 4498 6842
4 3106 1767 3745 2535
4 7466 706 9289 6481
4 3899 3618 1845 3632
4 3253 9340 1231 7922
4 2817 65 1427 2674
4 8348 5665 9856 6060
4 2203 9722 8701 9283
4 6989 7026 6985 5600
4 9942 177 4690 2718
4 8026 7700 9732 463
4 5622 2994 3002 7756
4 593 9111 8563 8346
4 7920 5919 4965 4151
4 9691 1359 8721 3083
4 8697 8047 6638 7050
4 4516 6582 2941 2572
4 1096 780 1996 9649
4 3229 8834 6313 7212
4 1817 9252 8253 1357
4 6329 9778 2364 2619
4 9366 745 1085 7209
4 5962 4951 4137 3485
4 1372 522 2571 1336
4 8839 6363 9779 9443
4 6316 3356 4582 2802
4 2009 717 9751 103
4 6477 8477 4352 6602
4 1861 4351 709 2112
4 3368 565 251 6426
4 67 5909 8811 2647
4 9365 5891 2351 9154
4 6994 8199 7119 9123
4 2905 7629 3443 9124
4 5793 3089 4259 1340
4 8751 645 257 6
4 7981 5492 8614 7671
4 1976 171 214 2536
4 7330 9585 9325 6415
4 3379 2095 4884 1787
4 1510 1202 9806 332
4 9629 9546 8947 7911
4 4293 7489 4477 4357
4 4134 3496 2162 1701
4 1344 5593 3308 5239
4 60 3062 3214 9968
4 8200 9363 8501 8923
4 6666 5544 4867 8163
4 1001 4557 2957 1820
4 9511 9974 9930 188
4 8529 6914 5330 8835
4 750 1717 5149 877
4 8003 8779 7934 6956
4 5236 5244 5518 5733
4 4222 1975 1740 7391
4 6342 5991 6297 7057
4 5332 4711 1505 9545
4 7613 4977 8658 8651
4 2776 1564 4727 1800
4 1351 321 7677 9166
4 1883 1364 3730 2575
4 296 8431 924 8040
4 7439 6188 7415 4696
4 3750 4331 9962 7344
4 7153 5970 5529 5758
4 1965 3120 4572 2245
4 1249 9419 9426 8990
4 7210 8915 1747 7647
4 9550 791 1522 8449
4 5808 7699 8168 5131
4 4415 5028 4161 4717
4 3579 8579 8056 2509
4 5835 7972 6738 5683
4 1743 3473 5488 9397
4 9271 9341 8418 7824
4 5728 6042 6616 5074
4 3655 2043 2573 2265
4 96 1714 767 1061
4 6627 9569 8866 7250
4 6419 3087 1673 6273
4 301 902 8607 55
4 5720 6144 8548 8470
4 3830 1523 3845 2952
4 264 631 1200 9853
4 9626 8625 9566 7524
4 3834 3223 6742 4870
4 1889 1178 1636 797
4 9797 773 385 197
4 8487 9572 8702 6410
4 5553 5155 6226 6309
4 2809 3306 2089 3167
4 8132 8659 1508 9048
4 6377 4367 6336 4960
4 407 2055 3978 3137
4 7748 7567 9250 8183
4 7155 5864 6192 7436
4 5375 4600 3905 1810
4 4649 5610 1476 3673
4 730 3557 1948 2612
4 4524 8671 6384 9718
4 3271 3791 3870 4079
4 1228 1998 2486 278
4 9689 6769 6058 9952
4 4043 875 4200 4861
4 9843 8940 9746 9265
4 8707 6747 6028 6198
4 5308 283 3001 2353
4 3944 7253 9871 5476
4 1912 1429 3857 3
4 6662 9078 7302 8172
4 5170 6010 2912 1483
4 85 9507 8677 8297
4 7443 3997 7412 8204
4 3367 2000 432 1140
4 8453 7880 7118 9755
4 4532 6578 4527 4706
4 1587 3278 4179 1853
4 915 884 836 1040
4 8442 263 8683 7103
4 7095 6981 6146 6483
4 6012 5207 5203 4607
4 3028 2927 4469 1720
4 8670 7696 9695 7978
4 5849 6320 6110 5803
4 995 3885 3728 3022
4 8964 7617 7618 513
4 3508 7319 2585 6757
4 1378 634 1821 1224
4 8722 8929 464 7603
4 6370 7296 4617 4883
4 2877 3518 4565 4474
4 8932 9908 1253 1037
4 8750 7861 6498 6444
4 4307 3877 5174 5197
4 3561 3736 3037 1708
4 1073 1681 9464 9359
4 7759 8895 5785 8692
4 3375 4871 3362 4786
4 3248 1684 2939 1923
4 1542 9599 1526 1117
4 4439 5902 7536 8524
4 1484 4038 2937 2627
4 1116 1154 1152 559
4 8328 7870 137 4361
4 1571 520 3892 2488
4 6367 8956 8874 9880
4 6296 4521 5278 5462
4 4292 8637 3511 9197
4 8466 7823 5823 7678
4 2798 4975 3853 2592
4 7178 7041 9769 9849
4 5839 6656 6231 5547
4 3055 3544 3107 5341
4 916 1261 1833 9961
4 8527 9907 9425 7463
4 6605 6220 6965 6577
4 4668 5941 4946 5705
4 1361 2600 1712 2566
4 174 56 172 970
4 17 9984 7255 6938
4 2185 5441 5378 5998
4 7238 1726 7215 7130
4 5548 2368 6389 5503
4 529 9350 846 760
4 7363 8516 9014 6715
4 3769 3050 5250 4604
4 10 145 8931 9092
4 7740 8363 5563 6856
4 5446 4663 4731 5151
4 3746 3516 3969 2106
4 1430 1570 1765 1234
4 451 738 688 844
4 9168 297 8714 6752
4 5271 6583 3134 5649
4 2716 923 1601 1122
4 208 9895 9741 525
4 7624 9597 7778 7218
4 6364 6540 6266 6526
4 5579 5325 6205 5118
4 1487 2165 2766 1827
4 556 912 9161 1197
4 8239 9121 6133 7149
4 4093 2407 3540 3104
4 1963 139 926 164
4 9182 8833 9450 9214
4 7518 8673 8081 7558
4 4990 4491 3258 6396
4 2649 2007 2295 2221
4 8161 117 8059 5948
4 5013 5007 4230 5017
4 1648 9594 2484 1589
4 8824 8650 9246 9390
4 7499 8044 6451 7839
4 6052 5899 5574 5627
4 2804 4627 211 3674
4 7346 8198 7692 8293
4 5875 5056 7152 6149
4 3691 4126 2879 2309
4 9135 628 480 8617
4 7983 2848 7204 6680
4 2555 2127 1010 642
4 8247 9719 9490 87
4 6623 6721 7318 6102
4 3932 3029 3276 2836
4 1015 9588 1825 2590
4 8609 8305 7752 8653
4 7278 6645 7151 6215
4 3608 3828 6157 5879
4 656 9776 2811 2125
4 9414 9471 9580 8606
4 4555 7954 6036 6731
4 1866 2872 3973 1876
4 597 1847 900 1735
4 289 9286 178 6256
4 4859 5513 6193 5487
4 3692 4650 3480 3677
4 3239 1943 1620 2516
4 8652 9852 28 206
4 7375 2538 4671 5824
4 1464 1856 1159 931
4 9499 8578 9382 8134
4 5815 6350 6685 6703
4 2226 4170 1311 1393
4 6531 1056 9276 590
4 4522 3891 3808 4573
4 3527 1632 2697 1819
4 8258 7764 7888 8434
4 6111 5559 6152 5981
4 4496 5061 4792 5058
4 3092 1205 2999 3132
4 8537 1129 834 8468
4 6984 6741 6443 6206
4 4054 1994 2732 1877
4 307 151 124 1260
4 8684 9238 9637 9407
4 7105 8342 7475 7875
4 5094 4933 6053 3895
4 53 1718 1874 9799
4 9241 7542 8967 7734
4 3573 6228 4725 4997
4 1888 2190 2705 1642
4 290 1562 236 589
4 9675 9748 9165 142
4 7777 6306 7413 7512
4 4055 4857 4814 4611
4 9730 2428 2091 3980
4 9714 9326 7884 7610
4 5418 5371 4865 4661
4 4442 1884 1704 9864
4 9602 9761 9530 8907
4 7361 7993 8035 8032
4 6932 6676 7219 6651
4 5710 4774 6628 4692
4 4636 4592 4091 3297
4 253 2490 9376 7659
4 7406 6849 7286 6155
4 4875 5644 4703 4989
4 2241 2020 1445 2765
4 540 6557 5794 5517
4 5044 4716 5235 4381
4 4363 3924 4066 3912
4 3558 1837 1282 2854
4 9976 648 362 735
4 8176 9896 9523 8123
4 7662 7090 7841 7526
4 6827 6326 5035 4926
4 4506 3945 4187 3839
4 2565 3654 3802 2887
4 9016 2254 1440 8423
4 6733 7003 7594 7074
4 6365 4904 5671 5020
4 4656 3553 3531 4771
4 2461 2400 1595 1023
4 8241 898 9922 9650
4 6976 7382 6794 7733
4 5916 6366 6380 4410
4 3567 4089 4064 3498
4 1598 534 2806 8333
4 7037 6289 5530 6673
4 5474 5389 4559 4773
4 3422 2006 2081 2457
4 1467 1406 358 1339
4 8597 9368 9453 9220
4 7432 7374 7356 7683
4 4412 5205 5355 6436
4 1533 1723 2320 1332
4 9988 8861 9456 9848
4 7914 6800 8432 6988
4 6076 5898 4879 5336
4 3906 2375 2783 3760
4 210 960 404 1471
4 6857 8019 6361 147
4 1584 2907 4495 1422
4 689 33 622 489
4 8938 9468 9879 8889
4 7821 8376 8715 6778
4 6490 5457 6514 5489
4 4375 5178 4478 4720
4 3718 909 1609 3323
4 8648 8153 146 9043
4 7785 7768 7943 7818
4 6528 7534 7419 7426
4 5086 5633 5551 4766
4 3704 3145 4011 4639
4 2389 2381 9726 2462
4 9684 9361 9561 9192
4 8894 8150 8043 8898
4 7530 7249 7310 7230
4 5869 5856 4452 6784
4 3617 2874 3244 3582
4 2398 1021 2401 737
4 8845 9703 9072 8823
4 6016 7175 7592 6340
4 3595 3914 3882 2260
4 396 1529 8954 9631
4 6870 8299 6585 7917
4 5776 5901 6208 5467
4 4057 3983 4953 4026
4 3352 3153 3559 3299
4 1922 1512 2129 1930
4 9222 9143 150 9971
4 8425 9122 8325 8679
4 7013 5920 6202 7990
4 5255 5865 5380 5461
4 3371 3966 5085 1952
4 39 635 835 198
4 8746 7770 9429 8712
4 7454 6466 7116 6834
4 4907 4823 5832 5522
4 4467 3985 4202 3749
4 2191 1886 1090 9802
4 9667 9221 9549 9062
4 7966 8682 7956 8238
4 7010 6649 7596 5724
4 3188 5531 5556 3339
4 947 3075 512 804
4 9828 359 9734 32
4 9183 9606 9091 7689
4 7480 4704 6724 5615
4 3136 4124 3129 3564
4 2134 711 1822 1507
4 7221 9868 7809 8519
4 6421 6700 6184 7220
4 5908 4640 5896 4887
4 3428 4016 3811 3011
4 1761 1347 2924 2277
4 149 45 678 9173
4 7876 7970 8276 7731
4 6705 7186 6574 6873
4 3322 6243 5756 4208
4 2148 2167 2343 2707
4 300 170 1100 1256
4 8196 8263 9096 8632
4 6264 7964 6811 6446
4 5451 5584 5566 6160
4 4465 4514 3991 5047
4 3641 3694 1382 2024
4 313 849 9573 0
4 9459 8264 8562 6637
4 6248 6203 5939 5164
4 3121 3724 3020 2467
4 2198 611 471 2278
4 8752 9978 8908 9752
4 8027 6903 8517 7984
4 6681 5954 6553 6659
4 4708 5277 4949 5166
4 2672 1908 2495 4335
4 1047 9891 9996 9987
4 9299 9583 8133 7975
4 6726 6942 7386 7424
4 6522 5657 6596 6015
4 4659 1199 2983 1174
4 9210 1157 1044 9328
4 8801 9068 8711 7425
4 5860 6648 5240 5947
4 4992 5040 4340 4215
4 2875 3681 3818 2367
4 9633 1181 1179 1569
4 9038 7384 7727 6112
4 5721 5449 5362 6017
4 3203 3226 4511 3412
4 1411 2337 1593 3127
4 433 541 1106 708
4 7521 8143 9836 8222
4 7509 6022 5836 6719
4 3517 5173 4790 5763
4 9721 8210 562 2062
4 7500 6478 6246 8160
4 4419 5813 5536 4456
4 3031 4286 3894 3563
4 2702 1840 1668 2506
4 825 514 1381 1616
4 8863 9486 8864 8828
4 8667 8413 8696 8202
4 6351 5496 5157 7555
4 2601 2296 4206 4052
4 355 8810 2025 204
4 7877 6713 8336 8139
4 5730 6492 4359 4958
4 2120 3105 1768 1751
4 968 1400 889 608
4 9995 9935 9920 8977
4 7751 8006 8876 8031
3 6280 6275 6864
3 5872 6051 5198
3 4742 4092 4188
3 3330 3596 2954
3 2329 2437 2159
3 1012 1535 1409
3 465 70 9418
3 8919 9198 9269
3 6263 7633 6960
3 4858 4943 5368
3 4228 4801 3972
3 3235 3809 3657
3 2033 3004 2578
3 1843 955 1321
3 530 919 240
3 9768 234 9716
3 9519 9600 9187
3 8215 9028 8454
3 7924 8089 7729
3 7397 7614 6576
3 5082 5751 5606
3 3311 3926 4000
3 2746 1062 1640
3 430 456 431
3 131 270 9767
3 9446 9332 9699
3 9201 7995 8137
3 6097 6698 6964
3 6008 5208 4046
3 2949 2786 3939
3 2762 2604 2661
3 1750 1939 2193
3 1330 978 620
3 97 500 372
3 9656 9538 9584
3 9086 8447 9431
3 8401 7663 7170
3 6761 6161 6890
3 5986 5191 6003
3 4796 4534 4301
3 2632 2977 3956
3 1744 1980 2072
3 1259 673 1036
3 439 9944 136
3 8822 9398 8180
3 7457 7407 7991
3 6835 6844 6824
3 6565 5482 5245
3 4942 4221 4798
3 3212 2772 3590
3 2694 2514 2713
3 1519 1796 2102
3 885 9413 1475
3 8568 8435 8383
3 8326 8252 6352
3 6137 3370 4104
3 2399 3280 2595
3 2074 1649 1961
3 183 956 1318
3 24 9083 9855
3 9075 8859 8037
3 7895 7881 7800
3 7674 6887 6809
3 6463 6197 6450
3 6121 5752 5732
3 4635 4777 5666
3 4238 4387 4502
3 3344 3060 3793
3 1694 2207 1279
3 86 9036 37
3 7471 7586 7554
3 7461 5994 6302
3 3822 4839 4783
3 2891 2881 2953
3 1983 2297 1546
3 457 9009 8900
3 7812 8314 8815
3 7410 7362 7724
3 7320 6972 7357
3 6959 6963 5897
3 5168 4400 4595
3 4248 3543 4358
3 1538 3364 1755
3 756 487 602
3 458 9137 9094
3 9035 8930 9047
3 8353 8766 8093
3 7206 7387 7094
3 6311 6471 6915
3 5024 4434 4596
3 3951 4399 4116
3 3052 3141 2903
3 2608 2596 2210
3 2149 335 2144
3 9564 9578 9838
3 9215 9114 8486
3 6332 6506 6353
3 4504 3875 4339
3 2956 3347 3021
3 2741 2610 2785
3 1536 1371 2028
3 462 392 801
3 9659 221 7889
3 7602 7078 7850
3 6448 6818 6925
3 5628 6127 5066
3 4069 4994 3789
3 2892 2859 3651
3 2837 1678 1688
3 40 1161 9820
3 9709 8663 6232
3 5233 6148 6175
3 4877 5181 4982
3 4736 3887 2469
3 1453 2412 2059
3 725 168 802
3 31 9993 9651
3 8737 9394 8543
3 7959 8028 8438
3 7632 7859 7694
3 7557 6328 6944
3 5106 5125 6229
3 4291 4688 4097
3 2307 2685 2683
3 1009 1778 1426
3 842 739 840
3 9678 502 9595
3 9540 9223 9015
3 8022 8426 8576
3 6725 7960 6699
3 5128 5817 4549
3 3841 4488 3318
3 2101 3012 2169
3 644 1220 1959
3 615 511 639
3 402 393 343
3 152 325 78
3 9489 8804 7742
3 6473 5959 7395
3 5631 5558 5719
3 4689 4567 4787
3 1869 1043 2950
3 613 9227 229
3 8643 8256 8950
3 7803 7423 7971
3 5676 6034 5882
3 5190 5422 4099
3 4031 2388 848
3 34 68 793
3 9957 8097 8903
3 7994 7631 7697
3 7314 6952 7532
3 6315 4880 6746
3 3903 4855 4826
3 3679 3555 3743
3 3123 2472 2242
3 1979 1807 1377
3 1165 1080 953
3 726 9892 9887
3 7581 7430 7132
3 6005 6452 6225
3 5881 5850 5731
3 5443 4723 4969
3 1892 3698 3515
3 640 1167 1270
3 413 467 579
3 252 305 20
3 13 9475 9274
3 8571 8629 8398
3 7666 6922 7176
3 5212 5951 6357
3 4047 4298 4811
3 3396 3509 2669
3 2304 2164 2215
3 1590 2137 2002
3 860 1502 477
3 153 76 9280
3 7496 6674 7826
3 6563 6479 6291
3 6046 6095 6189
3 5863 4750 5950
3 4173 4267 4451
3 3621 4078 3665
3 2929 346 740
3 57 9337 9524
3 7906 7951 8212
3 7036 5829 7713
3 5146 4922 5161
3 4679 4279 4554
3 4155 4246 4245
3 3581 3246 3233
3 2898 2629 2527
3 2432 2358 2232
3 1953 2019 1586
3 649 1549 1369
3 395 414 293
3 9065 193 9830
3 8456 8986 8821
3 7565 8206 7804
3 7252 6740 7024
3 6544 6210 6104
3 5026 5346 4662
3 3902 4249 3761
3 3146 2799 3449
3 1276 1416 949
3 9526 83 937
3 9234 9313 9157
3 7194 5895 6244
3 4314 4747 4311
3 3838 4030 3504
3 3261 3161 3482
3 2751 2634 2824
3 2531 2533 1650
3 1286 1504 1194
3 868 1084 568
3 554 9543 9294
3 8498 9105 8675
3 7743 8229 7813
3 7197 7653 7236
3 6270 5714 6630
3 4856 5387 5200
3 4537 3806 4653
3 3431 3773 3748
3 2668 2529 3263
3 444 1793 1516
3 23 16 9810
3 9692 9496 9635
3 9488 9458 9333
3 8277 8440 8965
3 7018 7490 7963
3 6664 6258 6294
3 5672 4767 5401
3 4328 4501 4398
3 3911 4176 3930
3 2303 3332 3174
3 2047 1532 1527
3 1250 1514 1118
3 1031 1032 982
3 9680 9958 9551
3 8355 8952 8642
3 8201 7150 7559
3 6828 6612 6920
3 5237 4914 6245
3 4623 4892 4841
3 4578 4001 3316
3 1986 1891 2442
3 1201 1452 1296
3 9711 675 9260
3 9251 9085 8729
3 8289 8654 8727
3 6852 8179 6962
3 6744 6822 6693
3 6510 6494 6569
3 5980 6430 5834
3 5373 5175 5199
3 4935 5059 4713
3 3513 3880 3824
3 3125 2671 2712
3 2264 2143 2422
3 1618 1606 1027
3 499 9149 9858
3 9022 9002 8918
3 8067 8177 7761
3 6093 5769 7622
3 5043 4898 5641
3 4605 4447 4775
3 4164 3747 4144
3 858 3099 3407
3 225 365 459
3 9655 9272 8981
3 8897 8593 8808
3 7957 7828 8235
3 7237 7418 6604
3 4407 5097 5400
3 4095 3570 3147
3 115 30 2328
3 9624 9611 9985
3 9181 8382 8567
3 7849 6846 7600
3 6600 6130 6118
3 3547 3274 4562
3 1951 2402 2335
3 1806 1058 1898
3 123 185 9073
3 8472 8978 8756
3 7721 7190 8108
3 6851 7048 6766
3 6727 6398 6590
3 6323 6126 6002
3 5471 5831 5098
3 4558 4482 4156
3 3355 2946 2570
3 2235 1865 1978
3 1132 1669 1110
3 9927 94 576
3 8753 8806 9771
3 8393 8388 8340
3 7868 7665 7899
3 7616 7273 7315
3 7127 7085 7247
3 6993 6899 6669
3 6090 6472 6078
3 4840 5077 5442
3 4325 4694 4546
3 2466 4197 2240
3 2205 2220 2046
3 9859 9745 1639
3 9338 9613 8734
3 8572 8129 8372
3 7634 7693 7805
3 7329 6711 6524
3 6304 6223 5944
3 5505 5812 5041
3 5019 4489 4804
3 3615 3883 3587
3 2591 2582 3078
3 1835 2333 1754
3 1288 896 473
3 8640 6774 7460
3 3506 5323 4564
3 2216 2911 2294
3 2105 1774 1848
3 1266 1271 899
3 160 9948 516
3 9013 9603 9877
3 7815 9003 8573
3 7275 6990 6739
3 6671 6697 6560
3 5800 6356 5702
3 5621 5460 5613
3 5189 5140 4172
3 3884 3878 3664
3 3265 2730 3324
3 2549 2234 1849
3 1192 1212 1313
3 419 143 1137
3 22 101 9134
3 8994 8996 8021
3 7491 7123 7121
3 4746 6803 5276
3 4308 4312 3933
3 3038 3281 3439
3 2237 2754 2199
3 1653 1086 2136
3 9261 9679 9744
3 9029 7931 8773
3 6064 7686 6581
3 5268 6063 5397
3 4255 5171 5134
3 4217 3849 3578
3 3402 2793 3097
3 2453 2390 2781
3 906 753 1699
3 9844 558 417
3 9230 9008 9194
3 8716 8411 8084
3 7510 6831 6636
3 6595 6414 6035
3 5903 6023 5598
3 5523 5234 5426
3 4599 4918 4818
3 4136 4394 4196
3 2852 3873 3782
3 2417 2289 2268
3 2016 1656 1488
3 1461 1170 1480
3 550 796 1127
3 9901 381 9759
3 8789 8793 8759
3 8464 8166 8316
3 8049 7400 7786
3 7233 7117 6520
3 6132 6096 6261
3 5246 4678 5253
3 4613 4630 3888
3 3817 3491 3381
3 2775 3131 2951
3 2406 2621 2444
3 1624 1172 1783
3 472 828 1093
3 159 8987 219
3 8539 8633 8618
3 7788 7684 7903
3 7309 6953 6529
3 6373 6432 6517
3 5770 5736 6227
3 4094 4910 3965
3 3442 3783 3334
3 3262 2731 3300
3 2068 2334 1985
3 1867 1814 1665
3 1627 893 1404
3 217 279 845
3 9535 133 9575
3 9502 8165 9534
3 7925 7501 7969
3 5972 5966 6180
3 5577 5586 5917
3 5391 5313 5398
3 4932 4479 4487
3 4193 4088 3744
3 3584 3401 3721
3 2987 3312 2750
3 2554 2281 2711
3 2065 1801 1836
3 1221 1208 1781
3 9660 218 610
3 7980 8665 9200
3 7388 7898 7675
3 7371 6812 7110
3 6417 5370 6586
3 5104 5064 5132
3 4894 3927 3862
3 3539 3445 2722
3 1904 1646 1899
3 1184 990 669
3 9941 651 401
3 9882 9846 9770
3 8694 8638 9754
3 7695 7502 7672
3 5599 7065 7289
3 4981 5481 5594
3 4529 4538 4544
3 3929 3947 4428
3 3411 3124 3216
3 3076 2947 3085
3 2464 2376 2326
3 1716 1638 2184
3 545 1292 934
3 89 9356 9209
3 9156 8842 8934
3 8584 8268 8525
3 8015 7902 7907
3 7043 7664 6770
3 6405 6259 5511
3 5345 4669 4628
3 3424 3807 3521
3 3017 2560 2173
3 1935 2087 1928
3 1299 1683 1130
3 827 977 771
3 292 249 757
3 9670 163 144
3 8732 9140 9089
3 7608 7177 7744
3 6973 7096 6958
3 6409 6497 6805
3 6068 5122 6307
3 4833 4163 3580
3 3115 2990 2835
3 2480 2567 2463
3 2057 2050 2022
3 1469 1138 1870
3 930 1120 894
3 304 9860 207
3 8853 8776 9785
3 8709 7962 8273
3 7274 7223 7553
3 6331 7134 7014
3 5804 4882 5429
3 4646 4842 4553
3 3941 4149 3610
3 1331 3313 2011
3 691 618 1209
3 288 316 241
3 9491 199 157
3 9152 9179 9225
3 8502 8409 8886
3 8298 7878 8068
3 7544 7642 7640
3 6897 7216 7163
3 6541 6301 6425
3 5514 5725 5192
3 4948 4337 4392
3 3353 3893 3541
3 3178 3186 2564
3 865 2227 2179
3 728 643 356
3 9710 287 9863
3 9647 9367 9406
3 8645 9100 8870
3 8534 7795 7546
3 7298 7229 7019
3 6904 6513 6387
3 5663 6213 5718
3 5329 5578 5550
3 5206 5182 5254
3 4714 5060 4789
3 4226 4355 4468
3 3753 3006 2805
3 1971 2288 2418
3 1652 1841 1958
3 1574 1227 1277
3 616 819 862
3 9870 9885 108
3 9553 9617 9329
3 8941 9232 9172
3 8141 8310 8740
3 6814 7948 7087
3 6796 6629 6087
3 5848 5952 5825
3 5612 5741 5658
3 5424 5534 4634
3 4143 4508 4598
3 3798 3536 3438
3 3425 2841 2563
3 1809 2239 2163
3 784 1495 867
3 733 425 186
3 9570 9582 9590
3 9158 8564 9423
3 7556 7349 7091
3 5958 6484 6620
3 5611 5771 5573
3 5510 4693 4791
3 3209 3712 3812
3 2689 3208 2577
3 2318 2344 2435
3 1700 2201 1661
3 1615 1479 1563
3 769 1376 800
3 378 347 348
3 9876 9862 226
3 9314 9555 9346
3 8771 8321 8309
3 7441 8103 7799
3 7365 7434 7333
3 6253 6125 6748
3 4726 4986 4906
3 4518 4403 4290
3 3917 1685 2152
3 1403 789 1099
3 383 189 719
3 128 9819 9954
3 8347 9205 8493
3 8086 8064 7946
3 7835 7758 7580
3 7459 7541 7140
3 7060 6701 6917
2 6692 5409
2 5316 5294
2 4939 5183
2 4709 4211
2 2586 3213
2 2470 2451
2 1949 2012
2 1788 1909
2 1494 1235
2 1196 1131
2 958 633
2 441 415
2 9737 349
2 8960 9323
2 8686 8379
2 8282 8080
2 6456 6457
2 6279 5379
2 5343 5148
2 4996 3949
2 3859 3860
2 3784 3327
2 2550 2878
2 2356 2382
2 1993 1868
2 1799 1679
2 1230 1284
2 1180 1188
2 1119 863
2 831 703
2 361 291
2 9999 203
2 8875 9372
2 8412 8726
2 8406 7965
2 7669 7807
2 7479 7507
2 6843 5779
2 5694 5410
2 4621 3821
2 2498 3247
2 2384 2483
2 2035 1818
2 1732 1611
2 1323 1335
2 935 1105
2 782 693
2 509 405
2 280 388
2 9807 4
2 9663 9102
2 8985 8970
2 8784 8955
2 8410 7753
2 7307 7251
2 6407 6233
2 6085 5833
2 5051 5699
2 4734 4950
2 4675 4664
2 4632 4633
2 4344 4330
2 3787 4254
2 2789 3394
2 2579 2378
2 2324 1135
2 1133 1111
2 1074 1046
2 922 268
2 227 258
2 200 9742
2 9724 9701
2 9604 9636
2 8791 8523
2 8461 7791
2 7667 6983
2 6635 6500
2 5977 5844
2 4979 5356
2 4461 4107
2 3922 3639
2 3389 3386
2 3292 2942
2 2541 2405
2 2373 2386
2 2311 2086
2 1987 1553
2 983 1029
2 811 662
2 318 376
2 9717 9644
2 9632 9557
2 9533 9186
2 9162 9148
2 8602 8731
2 8491 8374
2 7399 8164
2 7322 7092
2 6434 6371
2 6158 5327
2 5005 5177
2 4371 4425
2 3385 3827
2 3199 2715
2 2676 2508
2 2410 2030
2 794 741
2 491 342
2 173 9773
2 9342 8872
2 8136 8725
2 7992 7820
2 7627 7706
2 7340 6647
2 6254 6420
2 5885 6242
2 5266 5413
2 5187 4810
2 4273 4369
2 3866 4220
2 3819 3756
2 3008 2883
2 2825 1992
2 1534 1918
2 621 872
2 409 9977
2 9282 9609
2 7832 8857
2 7712 7636
2 7069 7228
2 6678 5957
2 5643 5399
2 5073 5210
2 4651 4978
2 4323 4435
2 3799 3935
2 3267 3794
2 2934 3225
2 2747 1969
2 1705 1897
2 1439 1554
2 1415 1329
2 1206 1063
2 984 1045
2 821 917
2 148 195
2 9963 69
2 9327 9362
2 9159 8879
2 8728 8758
2 7938 8613
2 7547 7736
2 7408 7393
2 7276 7264
2 7165 7243
2 7093 7033
2 6499 6480
2 6174 6234
2 5979 5883
2 5853 5840
2 5470 5361
2 5265 5167
2 5045 4807
2 4356 4535
2 4237 4260
2 4214 4103
2 3620 4032
2 3474 3466
2 3144 3227
2 2884 3058
2 2803 2873
2 2427 2503
2 2172 2166
2 1610 1731
2 652 901
2 508 605
2 483 437
2 435 312
2 9787 9822
2 9775 9070
2 9011 8780
2 8770 8778
2 8535 8570
2 8507 8395
2 8142 7915
2 7588 7793
2 7416 7172
2 7097 6901
2 6841 6675
2 6654 6077
2 5745 5508
2 5350 5340
2 4860 4822
2 4758 4372
2 4224 3636
2 2500 2996
2 2330 2425
2 1305 1654
2 987 194
2 179 9749
2 9415 9380
2 8877 8786
2 8311 8144
2 8117 7789
2 7427 7639
2 6853 7059
2 4972 6187
2 4890 4891
2 4732 4577
2 3879 3984
2 3476 3530
2 3082 2769
2 2206 2556
2 2170 1142
2 596 303
2 209 192
2 118 184
2 111 9931
2 9421 9571
2 9264 9218
2 8961 8975
2 8405 8417
2 8224 8361
2 8114 8038
2 7942 7883
2 7578 7856
2 7098 7561
2 7086 6141
2 5557 6128
2 5107 5279
2 4376 5067
2 4175 4285
2 3777 3189
2 2520 3044
2 1831 1728
2 1614 729
2 478 482
2 9436 9556
2 8272 8244
2 8135 8061
2 7590 7741
2 7075 6902
2 6614 6411
2 6156 6308
2 5993 5983
2 5906 5747
2 4952 5696
2 4523 4724
2 3727 3717
2 3493 3716
2 2812 2974
2 2771 2808
2 2485 2512
2 1695 1972
2 1517 1485
2 908 274
2 121 230
2 9031 9793
2 8462 8530
2 8075 8009
2 7847 8002
2 7483 7606
2 7187 7077
2 6937 7045
2 6833 6720
2 6682 6559
2 5504 6177
2 4899 5483
2 4699 4470
2 4232 3685
2 2098 2039
2 1496 1625
2 781 1350
2 9736 156
2 9126 8880
2 8698 8797
2 8561 8542
2 8500 8220
2 8110 8045
2 7864 8011
2 7017 7730
2 6545 6607
2 6428 6429
2 6265 5870
2 5727 5617
2 5533 5304
2 4845 5213
2 4098 4333
2 3635 4063
2 2827 2602
2 2532 2272
2 2271 2110
2 1937 1749
2 1283 1226
2 1177 833
2 507 574
2 311 424
2 256 61
2 9498 9686
2 9357 9457
2 9301 8868
2 8556 8635
2 8494 8159
2 7550 7533
2 7337 7404
2 7248 7068
2 6026 6971
2 5783 5938
2 5377 5382
2 5262 5260
2 5023 5158
2 4980 4966
2 4876 4913
2 4588 4440
2 4297 4427
2 3307 3690
2 3108 3059
2 3053 3023
2 2657 2447
2 2231 2298
2 1984 1917
2 1804 1753
2 1634 1696
2 1513 1501
2 1171 1326
2 1006 866
2 682 795
2 81 428
2 9910 9932
2 9296 9521
2 8924 9007
2 8850 8473
2 8190 8441
2 7833 7929
2 7711 7830
2 7682 7367
2 7139 7292
2 7138 7030
2 6998 7022
2 6551 6539
2 6075 6293
2 5754 5907
2 5008 5480
2 4305 4262
2 3469 3993
2 3268 2252
2 1789 1703
2 1622 1166
2 959 903
2 803 538
2 406 9823
2 8968 8592
2 7584 8555
2 7514 7453
2 7067 6617
2 6412 6257
2 6237 6098
2 6021 5910
2 5632 5585
2 5472 4770
2 3846 4591
2 3534 3361
2 3266 3205
2 2673 2900
2 2583 2393
2 2310 2357
2 1762 1932
2 1275 1307
2 9698 182
2 9577 9548
2 9044 9042
2 7523 7688
2 7281 7129
2 7102 6859
2 6848 6799
2 6533 6519
2 6393 5926
2 5900 5693
2 5281 5010
2 4893 4923
2 4851 4843
2 4830 4793
2 4283 4453
2 4048 4060
2 3963 4019
2 3705 3854
2 3416 3286
2 2645 3154
2 1824 2138
2 1149 1191
2 658 668
2 603 9914
2 9861 9411
2 9311 9297
2 8541 9189
2 8085 8001
2 7658 7985
2 7574 7071
2 7000 6961
2 6643 6454
2 6222 6040
2 5430 5640
2 5100 4911
2 4236 4571
2 3810 3994
2 3611 3803
2 3591 3382
2 3169 2961
2 2899 2928
2 2664 2546
2 2385 2026
2 1770 1878
2 1612 1190
2 698 921
2 452 341
2 224 275
2 25 9972
2 9270 9554
2 9229 9204
2 9101 9146
2 9059 8554
2 8231 8334
2 8000 7890
2 7782 7852
2 6923 6862
2 6592 6509
2 6290 6334
2 6185 6195
2 6031 6119
2 5828 5838
2 5809 5538
2 4009 4691
2 3990 3719
2 3696 3619
2 3454 3523
2 2709 2662
2 2280 2656
2 2153 1775
2 1302 972
2 886 746
2 582 659
2 526 468
2 319 238
2 27 54
2 9825 9933
2 9720 9024
2 8109 8118
2 8034 7504
2 7261 7488
2 6850 7011
2 6772 6516
2 6491 6391
2 6199 6283
2 5549 5635
2 5386 4821
2 4209 4525
2 3754 3413
2 2980 3156
2 2525 2038
2 1777 1873
2 1667 1316
2 999 1134
2 180 412
2 9336 9400
2 9150 8757
2 8508 8546
2 8344 8318
2 8098 7222
2 6792 6163
2 5859 5949
2 5697 5778
2 5227 5257
2 4987 5014
2 4581 4705
2 4520 4556
2 4252 4174
2 4034 4132
2 3843 3645
2 3383 2758
2 2010 2154
2 1725 1880
2 1237 1308
2 1087 573
2 422 379
2 9833 9929
2 9321 9638
2 8511 9164
2 7882 7921
2 7183 7822
2 7005 7042
2 6631 5820
2 5619 5539
2 5466 5527
2 5406 5342
2 5108 5153
2 5029 5049
2 4438 4976
2 4062 3788
2 3643 3628
2 3340 3546
2 3201 2858
2 2733 2706
2 2431 1964
2 1664 1915
